{
  "stats": {
    "suites": 1,
    "tests": 1,
    "passes": 1,
    "pending": 0,
    "failures": 0,
    "start": "2023-11-28T07:48:53.456Z",
    "end": "2023-11-28T07:49:19.295Z",
    "duration": 25839,
    "testsRegistered": 1,
    "passPercent": 100,
    "pendingPercent": 0,
    "other": 0,
    "hasOther": false,
    "skipped": 0,
    "hasSkipped": false
  },
  "results": [
    {
      "uuid": "e80154f5-aa87-49ea-a178-97f50b96c5ed",
      "title": "",
      "fullFile": "cypress/e2e/searchAddAndRemove.cy.ts",
      "file": "cypress/e2e/searchAddAndRemove.cy.ts",
      "beforeHooks": [],
      "afterHooks": [],
      "tests": [],
      "suites": [
        {
          "uuid": "ab7c8a08-f6e1-4629-9722-8c2e102ddea8",
          "title": "Hamburger Menu Search",
          "fullFile": "",
          "file": "",
          "beforeHooks": [],
          "afterHooks": [],
          "tests": [
            {
              "title": "Opens hamburger menu, opens computers menu, clicks computer components option, and asserts the selection",
              "fullTitle": "Hamburger Menu Search Opens hamburger menu, opens computers menu, clicks computer components option, and asserts the selection",
              "timedOut": null,
              "duration": 23888,
              "state": "passed",
              "speed": "slow",
              "pass": true,
              "fail": false,
              "pending": false,
              "context": null,
              "code": "// Visit the page and open the hamburger menu\nhomePage_1.default.visit();\nhomePage_1.default.inputSearchTerm(data.searchTerm);\n// Open the Computers menu\nhomePage_1.default.clickSearchButton();\n// Click on the Computer Components option\nresultsPage_1.default.clickFirstResult();\nproductPage_1.default.addToCart();\nproductPage_1.default.openCart();\ncartPage_1.default.removeFromCart();\n//confirm that the Amazon cart has had the products removed\ncy.contains('Your Amazon Cart is empty.').should('be.visible');",
              "err": {},
              "uuid": "513e52bf-1651-4f92-af9c-e16555622cca",
              "parentUUID": "ab7c8a08-f6e1-4629-9722-8c2e102ddea8",
              "isHook": false,
              "skipped": false
            }
          ],
          "suites": [],
          "passes": [
            "513e52bf-1651-4f92-af9c-e16555622cca"
          ],
          "failures": [],
          "pending": [],
          "skipped": [],
          "duration": 23888,
          "root": false,
          "rootEmpty": false,
          "_timeout": 2000
        }
      ],
      "passes": [],
      "failures": [],
      "pending": [],
      "skipped": [],
      "duration": 0,
      "root": true,
      "rootEmpty": true,
      "_timeout": 2000
    }
  ],
  "meta": {
    "mocha": {
      "version": "7.0.1"
    },
    "mochawesome": {
      "options": {
        "quiet": false,
        "reportFilename": "mochawesome",
        "saveHtml": false,
        "saveJson": true,
        "consoleReporter": "spec",
        "useInlineDiffs": false,
        "code": true
      },
      "version": "7.1.3"
    },
    "marge": {
      "options": {
        "reportDir": "cypress/reports/mochawesome",
        "overwrite": false,
        "html": false,
        "json": true
      },
      "version": "6.2.0"
    }
  }
}