{
  "stats": {
    "suites": 1,
    "tests": 1,
    "passes": 1,
    "pending": 0,
    "failures": 0,
    "start": "2023-12-05T16:45:40.777Z",
    "end": "2023-12-05T16:46:03.734Z",
    "duration": 22957,
    "testsRegistered": 1,
    "passPercent": 100,
    "pendingPercent": 0,
    "other": 0,
    "hasOther": false,
    "skipped": 0,
    "hasSkipped": false
  },
  "results": [
    {
      "uuid": "e3815086-c58f-4d54-87ab-a54ac1eff479",
      "title": "",
      "fullFile": "cypress/e2e/searchAddAndRemove.cy.ts",
      "file": "cypress/e2e/searchAddAndRemove.cy.ts",
      "beforeHooks": [],
      "afterHooks": [],
      "tests": [],
      "suites": [
        {
          "uuid": "9250d7dc-0c75-4995-a492-e9451edd6772",
          "title": "Hamburger Menu Search",
          "fullFile": "",
          "file": "",
          "beforeHooks": [],
          "afterHooks": [],
          "tests": [
            {
              "title": "Opens hamburger menu, opens computers menu, clicks computer components option, and asserts the selection",
              "fullTitle": "Hamburger Menu Search Opens hamburger menu, opens computers menu, clicks computer components option, and asserts the selection",
              "timedOut": null,
              "duration": 21085,
              "state": "passed",
              "speed": "slow",
              "pass": true,
              "fail": false,
              "pending": false,
              "context": null,
              "code": "// Visit the page and open the hamburger menu\nhomePage_1.default.visit();\nhomePage_1.default.inputSearchTerm(data.searchTerm);\n// Open the Computers menu\nhomePage_1.default.clickSearchButton();\n// Click on the Computer Components option\nresultsPage_1.default.clickFirstResult();\nproductPage_1.default.addToCart();\nproductPage_1.default.openCart();\ncartPage_1.default.removeFromCart();\n//confirm that the Amazon cart has had the products removed\ncy.contains('Your Amazon Cart is empty.').should('be.visible');",
              "err": {},
              "uuid": "99a06438-416d-4349-8ff5-6b7dab084708",
              "parentUUID": "9250d7dc-0c75-4995-a492-e9451edd6772",
              "isHook": false,
              "skipped": false
            }
          ],
          "suites": [],
          "passes": [
            "99a06438-416d-4349-8ff5-6b7dab084708"
          ],
          "failures": [],
          "pending": [],
          "skipped": [],
          "duration": 21085,
          "root": false,
          "rootEmpty": false,
          "_timeout": 2000
        }
      ],
      "passes": [],
      "failures": [],
      "pending": [],
      "skipped": [],
      "duration": 0,
      "root": true,
      "rootEmpty": true,
      "_timeout": 2000
    }
  ],
  "meta": {
    "mocha": {
      "version": "7.0.1"
    },
    "mochawesome": {
      "options": {
        "quiet": false,
        "reportFilename": "mochawesome",
        "saveHtml": false,
        "saveJson": true,
        "consoleReporter": "spec",
        "useInlineDiffs": false,
        "code": true
      },
      "version": "7.1.3"
    },
    "marge": {
      "options": {
        "reportDir": "cypress/reports/mochawesome",
        "overwrite": false,
        "html": false,
        "json": true
      },
      "version": "6.2.0"
    }
  }
}