{
  "stats": {
    "suites": 1,
    "tests": 1,
    "passes": 1,
    "pending": 0,
    "failures": 0,
    "start": "2023-11-28T07:49:20.854Z",
    "end": "2023-11-28T07:49:52.946Z",
    "duration": 32092,
    "testsRegistered": 1,
    "passPercent": 100,
    "pendingPercent": 0,
    "other": 0,
    "hasOther": false,
    "skipped": 0,
    "hasSkipped": false
  },
  "results": [
    {
      "uuid": "b952fa37-94d7-491c-b968-8ff5ae99a795",
      "title": "",
      "fullFile": "cypress/e2e/todaysDeals.cy.ts",
      "file": "cypress/e2e/todaysDeals.cy.ts",
      "beforeHooks": [],
      "afterHooks": [],
      "tests": [],
      "suites": [
        {
          "uuid": "139e039d-0689-4207-a48a-f62e06469229",
          "title": "Hamburger Menu Search",
          "fullFile": "",
          "file": "",
          "beforeHooks": [],
          "afterHooks": [],
          "tests": [
            {
              "title": "Adds item to cart from todays deals and proceeds until payment is required.",
              "fullTitle": "Hamburger Menu Search Adds item to cart from todays deals and proceeds until payment is required.",
              "timedOut": null,
              "duration": 30105,
              "state": "passed",
              "speed": "slow",
              "pass": true,
              "fail": false,
              "pending": false,
              "context": null,
              "code": "homePage_1.default.visit();\nhomePage_1.default.clickTodaysDeals();\ntodaysDealsShop_1.default.selectProductCategory();\ntry {\n    todaysDealsShop_1.default.selectProductChild(1);\n}\ncatch (error) {\n    cy.log(\"Failed to select a product child: \".concat(error.message));\n}\n// Check for the presence of the error message\n//const errorMessageExists = cy.contains('This item cannot be shipped to your selected delivery location. Please choose a different delivery location').should('exist');\nproductPage_1.default.changeZipCode();\ncy.reload();\nproductPage_1.default.addToCart();\ncartPage_1.default.proceedToCheckout();\nloginPage_1.default.enterEmail(data.email);\nloginPage_1.default.proceedToPassword();\nloginPage_1.default.enterPassword(data.password);\nloginPage_1.default.proceedWithlogin();\ncy.get('[data-testid=\"Address_selectShipToThisAddress\"]').then(function ($element) {\n    if ($element.length > 0) {\n        checkoutPage_1.default.clickUseThisAddress();\n    }\n    else {\n        checkoutPage_1.default.chooseCountry(data.countryID);\n        checkoutPage_1.default.enterFullName(data.fullName);\n        checkoutPage_1.default.enterStreetAddress(data.street);\n        checkoutPage_1.default.enterBuildingNumber(data.street2);\n        checkoutPage_1.default.enterCity(data.city);\n        checkoutPage_1.default.enterState(data.State);\n        checkoutPage_1.default.enterZipCode(data.Zip);\n        checkoutPage_1.default.enterPhoneNumber(data.Phone);\n        checkoutPage_1.default.clickUseThisAddress();\n    }\n});\n//Verify end of checkout reached using unique text\ncy.contains('Your available balance').should('be.visible');",
              "err": {},
              "uuid": "2f8f3006-00f9-4a79-926c-24800cb3d945",
              "parentUUID": "139e039d-0689-4207-a48a-f62e06469229",
              "isHook": false,
              "skipped": false
            }
          ],
          "suites": [],
          "passes": [
            "2f8f3006-00f9-4a79-926c-24800cb3d945"
          ],
          "failures": [],
          "pending": [],
          "skipped": [],
          "duration": 30105,
          "root": false,
          "rootEmpty": false,
          "_timeout": 2000
        }
      ],
      "passes": [],
      "failures": [],
      "pending": [],
      "skipped": [],
      "duration": 0,
      "root": true,
      "rootEmpty": true,
      "_timeout": 2000
    }
  ],
  "meta": {
    "mocha": {
      "version": "7.0.1"
    },
    "mochawesome": {
      "options": {
        "quiet": false,
        "reportFilename": "mochawesome",
        "saveHtml": false,
        "saveJson": true,
        "consoleReporter": "spec",
        "useInlineDiffs": false,
        "code": true
      },
      "version": "7.1.3"
    },
    "marge": {
      "options": {
        "reportDir": "cypress/reports/mochawesome",
        "overwrite": false,
        "html": false,
        "json": true
      },
      "version": "6.2.0"
    }
  }
}