{
  "stats": {
    "suites": 1,
    "tests": 1,
    "passes": 1,
    "pending": 0,
    "failures": 0,
    "start": "2023-11-27T09:21:39.765Z",
    "end": "2023-11-27T09:21:49.751Z",
    "duration": 9986,
    "testsRegistered": 1,
    "passPercent": 100,
    "pendingPercent": 0,
    "other": 0,
    "hasOther": false,
    "skipped": 0,
    "hasSkipped": false
  },
  "results": [
    {
      "uuid": "4fabd84b-aafe-4e56-a246-efe52b550206",
      "title": "",
      "fullFile": "cypress/e2e/spec.cy.ts",
      "file": "cypress/e2e/spec.cy.ts",
      "beforeHooks": [],
      "afterHooks": [],
      "tests": [],
      "suites": [
        {
          "uuid": "11216a9e-5dfc-45c1-90a7-688526fab9e9",
          "title": "Hamburger Menu Search",
          "fullFile": "",
          "file": "",
          "beforeHooks": [],
          "afterHooks": [],
          "tests": [
            {
              "title": "Opens hamburger menu, opens computers menu, clicks computer components option, and asserts the selection",
              "fullTitle": "Hamburger Menu Search Opens hamburger menu, opens computers menu, clicks computer components option, and asserts the selection",
              "timedOut": null,
              "duration": 7823,
              "state": "passed",
              "speed": "medium",
              "pass": true,
              "fail": false,
              "pending": false,
              "context": null,
              "code": "// Visit the page and open the hamburger menu\nsandwichMenu_1.default.visit();\nsandwichMenu_1.default.openHamburgerMenu();\n// Open the Computers menu\nsandwichMenu_1.default.openComputersMenu();\n// Click on the Computer Components option\nsandwichMenu_1.default.visitComputerComponents();\n// Assert that the Computer Components option is selected\nreturn cy.get('select[aria-describedby=\"searchDropdownDescription\"]')\n    .should('contain', 'Computer Components');",
              "err": {},
              "uuid": "bf69c950-4bc5-4189-9e74-456b96630c3c",
              "parentUUID": "11216a9e-5dfc-45c1-90a7-688526fab9e9",
              "isHook": false,
              "skipped": false
            }
          ],
          "suites": [],
          "passes": [
            "bf69c950-4bc5-4189-9e74-456b96630c3c"
          ],
          "failures": [],
          "pending": [],
          "skipped": [],
          "duration": 7823,
          "root": false,
          "rootEmpty": false,
          "_timeout": 2000
        }
      ],
      "passes": [],
      "failures": [],
      "pending": [],
      "skipped": [],
      "duration": 0,
      "root": true,
      "rootEmpty": true,
      "_timeout": 2000
    }
  ],
  "meta": {
    "mocha": {
      "version": "7.0.1"
    },
    "mochawesome": {
      "options": {
        "quiet": false,
        "reportFilename": "mochawesome",
        "saveHtml": false,
        "saveJson": true,
        "consoleReporter": "spec",
        "useInlineDiffs": false,
        "code": true
      },
      "version": "7.1.3"
    },
    "marge": {
      "options": {
        "reportDir": "cypress/reports/mochawesome",
        "overwrite": false,
        "html": false,
        "json": true
      },
      "version": "6.2.0"
    }
  }
}