{
  "stats": {
    "suites": 1,
    "tests": 1,
    "passes": 1,
    "pending": 0,
    "failures": 0,
    "start": "2023-11-28T08:10:01.706Z",
    "end": "2023-11-28T08:10:09.112Z",
    "duration": 7406,
    "testsRegistered": 1,
    "passPercent": 100,
    "pendingPercent": 0,
    "other": 0,
    "hasOther": false,
    "skipped": 0,
    "hasSkipped": false
  },
  "results": [
    {
      "uuid": "be398d80-5fe2-4488-aae0-877503471438",
      "title": "",
      "fullFile": "cypress/e2e/crossDomainTest.cy.ts",
      "file": "cypress/e2e/crossDomainTest.cy.ts",
      "beforeHooks": [],
      "afterHooks": [],
      "tests": [],
      "suites": [
        {
          "uuid": "385c2696-8c4b-4cbf-b245-b4de43144952",
          "title": "Cross domain testing",
          "fullFile": "",
          "file": "",
          "beforeHooks": [],
          "afterHooks": [],
          "tests": [
            {
              "title": "Does some actions on one site and then the other",
              "fullTitle": "Cross domain testing Does some actions on one site and then the other",
              "timedOut": null,
              "duration": 5584,
              "state": "passed",
              "speed": "medium",
              "pass": true,
              "fail": false,
              "pending": false,
              "context": null,
              "code": "commitquality_1.default.visitCQ();\ncommitquality_1.default.visitCQ();\ncommitquality_1.default.useFilterSearch(data.demoQaFilterValue);\ncommitquality_1.default.clickFilterSearch();\ncommitquality_1.default.getResults();\ncommitquality_1.default.resetFilters();\n//\"add product\" should not be present\ncy.should('not.contain', '.add-product-message');\n;\ndemoblaze_1.default.visitDemoBlaze();\ncy.origin('https://demoblaze.com', function () {\n    cy.readFile('cypress/fixtures/fixturevalues.json').then(function (data) {\n        var demoblazePage = Cypress.require(\"../integration/demoblaze\");\n        cy.get('[data-target=\"#exampleModal\"]').click();\n        cy.get('#recipient-email').click({\n            force: true\n        }).type(data.supportEmail);\n        cy.get('#recipient-name').click({\n            force: true\n        }).type(data.supportName);\n        cy.get('#message-text').click({\n            force: true\n        }).type(data.supportMessage);\n        cy.get('#exampleModal > .modal-dialog > .modal-content > .modal-footer > .btn-primary').click();\n        cy.on('window:alert', function (str) {\n            //page should alert with \"Thanks for the message!!\"\n            expect(str).to.equal('Thanks for the message!!');\n        });\n    });\n});",
              "err": {},
              "uuid": "6a11546d-a060-4839-b8ac-79a9512d0df5",
              "parentUUID": "385c2696-8c4b-4cbf-b245-b4de43144952",
              "isHook": false,
              "skipped": false
            }
          ],
          "suites": [],
          "passes": [
            "6a11546d-a060-4839-b8ac-79a9512d0df5"
          ],
          "failures": [],
          "pending": [],
          "skipped": [],
          "duration": 5584,
          "root": false,
          "rootEmpty": false,
          "_timeout": 2000
        }
      ],
      "passes": [],
      "failures": [],
      "pending": [],
      "skipped": [],
      "duration": 0,
      "root": true,
      "rootEmpty": true,
      "_timeout": 2000
    }
  ],
  "meta": {
    "mocha": {
      "version": "7.0.1"
    },
    "mochawesome": {
      "options": {
        "quiet": false,
        "reportFilename": "mochawesome",
        "saveHtml": false,
        "saveJson": true,
        "consoleReporter": "spec",
        "useInlineDiffs": false,
        "code": true
      },
      "version": "7.1.3"
    },
    "marge": {
      "options": {
        "reportDir": "cypress/reports/mochawesome",
        "overwrite": false,
        "html": false,
        "json": true
      },
      "version": "6.2.0"
    }
  }
}