{
  "stats": {
    "suites": 1,
    "tests": 1,
    "passes": 1,
    "pending": 0,
    "failures": 0,
    "start": "2023-11-28T07:48:41.060Z",
    "end": "2023-11-28T07:48:51.732Z",
    "duration": 10672,
    "testsRegistered": 1,
    "passPercent": 100,
    "pendingPercent": 0,
    "other": 0,
    "hasOther": false,
    "skipped": 0,
    "hasSkipped": false
  },
  "results": [
    {
      "uuid": "eeac11b9-1dd6-4218-998b-1258f96773d8",
      "title": "",
      "fullFile": "cypress/e2e/hamburgerMenu.cy.ts",
      "file": "cypress/e2e/hamburgerMenu.cy.ts",
      "beforeHooks": [],
      "afterHooks": [],
      "tests": [],
      "suites": [
        {
          "uuid": "01cd3b20-8665-45de-bc7b-e58657426136",
          "title": "Hamburger Menu Search",
          "fullFile": "",
          "file": "",
          "beforeHooks": [],
          "afterHooks": [],
          "tests": [
            {
              "title": "Opens hamburger menu, opens computers menu, clicks computer components option, and asserts the selection",
              "fullTitle": "Hamburger Menu Search Opens hamburger menu, opens computers menu, clicks computer components option, and asserts the selection",
              "timedOut": null,
              "duration": 8509,
              "state": "passed",
              "speed": "medium",
              "pass": true,
              "fail": false,
              "pending": false,
              "context": null,
              "code": "homePage_1.default.visit();\nhomePage_1.default.openHamburgerMenu();\nhomePage_1.default.openComputersMenu();\nhomePage_1.default.visitComputerComponents();\n//check we have arrived in the correct department\nreturn cy.get('select[aria-describedby=\"searchDropdownDescription\"]')\n    .should('contain', 'Computer Components');",
              "err": {},
              "uuid": "93baa2fb-5b15-406a-b14f-fae5e5e7045b",
              "parentUUID": "01cd3b20-8665-45de-bc7b-e58657426136",
              "isHook": false,
              "skipped": false
            }
          ],
          "suites": [],
          "passes": [
            "93baa2fb-5b15-406a-b14f-fae5e5e7045b"
          ],
          "failures": [],
          "pending": [],
          "skipped": [],
          "duration": 8509,
          "root": false,
          "rootEmpty": false,
          "_timeout": 2000
        }
      ],
      "passes": [],
      "failures": [],
      "pending": [],
      "skipped": [],
      "duration": 0,
      "root": true,
      "rootEmpty": true,
      "_timeout": 2000
    }
  ],
  "meta": {
    "mocha": {
      "version": "7.0.1"
    },
    "mochawesome": {
      "options": {
        "quiet": false,
        "reportFilename": "mochawesome",
        "saveHtml": false,
        "saveJson": true,
        "consoleReporter": "spec",
        "useInlineDiffs": false,
        "code": true
      },
      "version": "7.1.3"
    },
    "marge": {
      "options": {
        "reportDir": "cypress/reports/mochawesome",
        "overwrite": false,
        "html": false,
        "json": true
      },
      "version": "6.2.0"
    }
  }
}