{
  "stats": {
    "suites": 1,
    "tests": 1,
    "passes": 0,
    "pending": 0,
    "failures": 1,
    "start": "2023-12-05T17:27:11.841Z",
    "end": "2023-12-05T17:27:32.831Z",
    "duration": 20990,
    "testsRegistered": 1,
    "passPercent": 0,
    "pendingPercent": 0,
    "other": 0,
    "hasOther": false,
    "skipped": 0,
    "hasSkipped": false
  },
  "results": [
    {
      "uuid": "3a71dfdf-f795-4f9e-a5a9-b88b7277ce82",
      "title": "",
      "fullFile": "cypress/e2e/todaysDeals.cy.ts",
      "file": "cypress/e2e/todaysDeals.cy.ts",
      "beforeHooks": [],
      "afterHooks": [],
      "tests": [],
      "suites": [
        {
          "uuid": "6f7e9802-6b9d-4ed5-8159-07a9286f31aa",
          "title": "Todays deals carting & checkout flow test",
          "fullFile": "",
          "file": "",
          "beforeHooks": [],
          "afterHooks": [],
          "tests": [
            {
              "title": "Adds item to cart from todays deals and proceeds until payment is required.",
              "fullTitle": "Todays deals carting & checkout flow test Adds item to cart from todays deals and proceeds until payment is required.",
              "timedOut": null,
              "duration": 18725,
              "state": "failed",
              "speed": null,
              "pass": false,
              "fail": true,
              "pending": false,
              "context": null,
              "code": "//Change index of selectProductChild if test fails, likely is taking you to a page with no cartable product\nhomePage_1.default.visit();\nhomePage_1.default.clickTodaysDeals();\ntodaysDealsShop_1.default.selectProductCategory(2);\n//checks for add to cart button and skips child product page click if found\ncy.get('#add-to-cart-button').should('exist').then(function ($btn) {\n    if ($btn.length > 0) {\n        console.log(\"No secondary product page\");\n    }\n    else {\n        todaysDealsShop_1.default.selectProductChild(0);\n    }\n});\n// Check for the presence of the error message\n//const errorMessageExists = cy.contains('This item cannot be shipped to your selected delivery location. Please choose a different delivery location').should('exist');\nproductPage_1.default.changeZipCode();\ncy.reload();\nproductPage_1.default.addToCart();\ncartPage_1.default.proceedToCheckout();\nloginPage_1.default.enterEmail(data.email);\nloginPage_1.default.proceedToPassword();\nloginPage_1.default.enterPassword(data.password);\nloginPage_1.default.proceedWithlogin();\ncy.get('[data-testid=\"Address_selectShipToThisAddress\"]').then(function ($element) {\n    if ($element.length > 0) {\n        checkoutPage_1.default.clickUseThisAddress();\n    }\n    else {\n        checkoutPage_1.default.chooseCountry(data.countryID);\n        checkoutPage_1.default.enterFullName(data.fullName);\n        checkoutPage_1.default.enterStreetAddress(data.street);\n        checkoutPage_1.default.enterBuildingNumber(data.street2);\n        checkoutPage_1.default.enterCity(data.city);\n        checkoutPage_1.default.enterState(data.State);\n        checkoutPage_1.default.enterZipCode(data.Zip);\n        checkoutPage_1.default.enterPhoneNumber(data.Phone);\n        checkoutPage_1.default.clickUseThisAddress();\n    }\n});\n//Verify end of checkout reached using unique text\ncy.contains('Your available balance').should('be.visible');",
              "err": {
                "message": "AssertionError: Timed out retrying after 4000ms: Expected to find element: `#sc-buy-box-ptc-button > .a-button-inner > .a-button-input`, but never found it.",
                "estack": "AssertionError: Timed out retrying after 4000ms: Expected to find element: `#sc-buy-box-ptc-button > .a-button-inner > .a-button-input`, but never found it.\n    at cartPage.proceedToCheckout (webpack://kamranlautier-work/./cypress/integration/Amazon/cartPage.ts:14:0)\n    at Context.eval (webpack://kamranlautier-work/./cypress/e2e/todaysDeals.cy.ts:30:0)",
                "diff": null
              },
              "uuid": "bf59e983-6799-47fc-88b0-06769a85d2c7",
              "parentUUID": "6f7e9802-6b9d-4ed5-8159-07a9286f31aa",
              "isHook": false,
              "skipped": false
            }
          ],
          "suites": [],
          "passes": [],
          "failures": [
            "bf59e983-6799-47fc-88b0-06769a85d2c7"
          ],
          "pending": [],
          "skipped": [],
          "duration": 18725,
          "root": false,
          "rootEmpty": false,
          "_timeout": 2000
        }
      ],
      "passes": [],
      "failures": [],
      "pending": [],
      "skipped": [],
      "duration": 0,
      "root": true,
      "rootEmpty": true,
      "_timeout": 2000
    }
  ],
  "meta": {
    "mocha": {
      "version": "7.0.1"
    },
    "mochawesome": {
      "options": {
        "quiet": false,
        "reportFilename": "mochawesome",
        "saveHtml": false,
        "saveJson": true,
        "consoleReporter": "spec",
        "useInlineDiffs": false,
        "code": true
      },
      "version": "7.1.3"
    },
    "marge": {
      "options": {
        "reportDir": "cypress/reports/mochawesome",
        "overwrite": false,
        "html": false,
        "json": true
      },
      "version": "6.2.0"
    }
  }
}