{
  "stats": {
    "suites": 1,
    "tests": 1,
    "passes": 1,
    "pending": 0,
    "failures": 0,
    "start": "2023-11-27T13:19:15.571Z",
    "end": "2023-11-27T13:19:25.152Z",
    "duration": 9581,
    "testsRegistered": 1,
    "passPercent": 100,
    "pendingPercent": 0,
    "other": 0,
    "hasOther": false,
    "skipped": 0,
    "hasSkipped": false
  },
  "results": [
    {
      "uuid": "ddb440a4-b358-45b6-8050-b6873344487d",
      "title": "",
      "fullFile": "cypress/e2e/hamburgerMenu.cy.ts",
      "file": "cypress/e2e/hamburgerMenu.cy.ts",
      "beforeHooks": [],
      "afterHooks": [],
      "tests": [],
      "suites": [
        {
          "uuid": "d0d3aa17-f0ee-4dd4-b0a9-4a934f59acdb",
          "title": "Hamburger Menu Search",
          "fullFile": "",
          "file": "",
          "beforeHooks": [],
          "afterHooks": [],
          "tests": [
            {
              "title": "Opens hamburger menu, opens computers menu, clicks computer components option, and asserts the selection",
              "fullTitle": "Hamburger Menu Search Opens hamburger menu, opens computers menu, clicks computer components option, and asserts the selection",
              "timedOut": null,
              "duration": 7549,
              "state": "passed",
              "speed": "medium",
              "pass": true,
              "fail": false,
              "pending": false,
              "context": null,
              "code": "homePage_1.default.visit();\nhomePage_1.default.openHamburgerMenu();\nhomePage_1.default.openComputersMenu();\nhomePage_1.default.visitComputerComponents();\nreturn cy.get('select[aria-describedby=\"searchDropdownDescription\"]')\n    .should('contain', 'Computer Components');",
              "err": {},
              "uuid": "9c979558-0cf8-4f1e-8520-ea003db10a4b",
              "parentUUID": "d0d3aa17-f0ee-4dd4-b0a9-4a934f59acdb",
              "isHook": false,
              "skipped": false
            }
          ],
          "suites": [],
          "passes": [
            "9c979558-0cf8-4f1e-8520-ea003db10a4b"
          ],
          "failures": [],
          "pending": [],
          "skipped": [],
          "duration": 7549,
          "root": false,
          "rootEmpty": false,
          "_timeout": 2000
        }
      ],
      "passes": [],
      "failures": [],
      "pending": [],
      "skipped": [],
      "duration": 0,
      "root": true,
      "rootEmpty": true,
      "_timeout": 2000
    }
  ],
  "meta": {
    "mocha": {
      "version": "7.0.1"
    },
    "mochawesome": {
      "options": {
        "quiet": false,
        "reportFilename": "mochawesome",
        "saveHtml": false,
        "saveJson": true,
        "consoleReporter": "spec",
        "useInlineDiffs": false,
        "code": true
      },
      "version": "7.1.3"
    },
    "marge": {
      "options": {
        "reportDir": "cypress/reports/mochawesome",
        "overwrite": false,
        "html": false,
        "json": true
      },
      "version": "6.2.0"
    }
  }
}