{
  "stats": {
    "suites": 1,
    "tests": 1,
    "passes": 0,
    "pending": 0,
    "failures": 1,
    "start": "2023-11-27T13:19:26.623Z",
    "end": "2023-11-27T13:19:33.489Z",
    "duration": 6866,
    "testsRegistered": 1,
    "passPercent": 0,
    "pendingPercent": 0,
    "other": 0,
    "hasOther": false,
    "skipped": 0,
    "hasSkipped": false
  },
  "results": [
    {
      "uuid": "75dd3bf3-486c-46ba-b621-5262c0448d2a",
      "title": "",
      "fullFile": "cypress/e2e/searchAddAndRemove.cy.ts",
      "file": "cypress/e2e/searchAddAndRemove.cy.ts",
      "beforeHooks": [],
      "afterHooks": [],
      "tests": [],
      "suites": [
        {
          "uuid": "e70a963f-6227-4217-abbf-a796bde8b016",
          "title": "Hamburger Menu Search",
          "fullFile": "",
          "file": "",
          "beforeHooks": [],
          "afterHooks": [],
          "tests": [
            {
              "title": "Opens hamburger menu, opens computers menu, clicks computer components option, and asserts the selection",
              "fullTitle": "Hamburger Menu Search Opens hamburger menu, opens computers menu, clicks computer components option, and asserts the selection",
              "timedOut": null,
              "duration": 5053,
              "state": "failed",
              "speed": null,
              "pass": false,
              "fail": true,
              "pending": false,
              "context": null,
              "code": "// Visit the page and open the hamburger menu\nhomePage_1.default.visit();\nhomePage_1.default.inputSearchTerm();\n// Open the Computers menu\nhomePage_1.default.clickSearchButton();\n// Click on the Computer Components option\nresultsPage_1.default.clickFirstResult();\nproductPage_1.default.addToCart();\nproductPage_1.default.openCart();\ncartPage_1.default.removeFromCart();\ncy.contains('Your Amazon Cart is empty.').should('be.visible');",
              "err": {
                "message": "AssertionError: Timed out retrying after 4000ms: Expected to find element: `#twotabsearchtextbox`, but never found it.",
                "estack": "AssertionError: Timed out retrying after 4000ms: Expected to find element: `#twotabsearchtextbox`, but never found it.\n    at homePage.inputSearchTerm (webpack://kamranlautier-work/./cypress/integration/Amazon/homePage.ts:23:0)\n    at Context.eval (webpack://kamranlautier-work/./cypress/e2e/searchAddAndRemove.cy.ts:11:0)",
                "diff": null
              },
              "uuid": "ff3bd529-4fe0-4396-801e-ebe3a1e210a9",
              "parentUUID": "e70a963f-6227-4217-abbf-a796bde8b016",
              "isHook": false,
              "skipped": false
            }
          ],
          "suites": [],
          "passes": [],
          "failures": [
            "ff3bd529-4fe0-4396-801e-ebe3a1e210a9"
          ],
          "pending": [],
          "skipped": [],
          "duration": 5053,
          "root": false,
          "rootEmpty": false,
          "_timeout": 2000
        }
      ],
      "passes": [],
      "failures": [],
      "pending": [],
      "skipped": [],
      "duration": 0,
      "root": true,
      "rootEmpty": true,
      "_timeout": 2000
    }
  ],
  "meta": {
    "mocha": {
      "version": "7.0.1"
    },
    "mochawesome": {
      "options": {
        "quiet": false,
        "reportFilename": "mochawesome",
        "saveHtml": false,
        "saveJson": true,
        "consoleReporter": "spec",
        "useInlineDiffs": false,
        "code": true
      },
      "version": "7.1.3"
    },
    "marge": {
      "options": {
        "reportDir": "cypress/reports/mochawesome",
        "overwrite": false,
        "html": false,
        "json": true
      },
      "version": "6.2.0"
    }
  }
}