{
  "stats": {
    "suites": 1,
    "tests": 1,
    "passes": 1,
    "pending": 0,
    "failures": 0,
    "start": "2023-12-05T17:26:49.910Z",
    "end": "2023-12-05T17:27:10.395Z",
    "duration": 20485,
    "testsRegistered": 1,
    "passPercent": 100,
    "pendingPercent": 0,
    "other": 0,
    "hasOther": false,
    "skipped": 0,
    "hasSkipped": false
  },
  "results": [
    {
      "uuid": "c2f73e75-74d3-4c4d-9c9c-0b2d5096cf2c",
      "title": "",
      "fullFile": "cypress/e2e/searchAddAndRemove.cy.ts",
      "file": "cypress/e2e/searchAddAndRemove.cy.ts",
      "beforeHooks": [],
      "afterHooks": [],
      "tests": [],
      "suites": [
        {
          "uuid": "6628f390-aed6-464a-9b48-7429c0f81cfd",
          "title": "test for search & basket functionality",
          "fullFile": "",
          "file": "",
          "beforeHooks": [],
          "afterHooks": [],
          "tests": [
            {
              "title": "Searches for a product, adds to basket and removes from basket",
              "fullTitle": "test for search & basket functionality Searches for a product, adds to basket and removes from basket",
              "timedOut": null,
              "duration": 18362,
              "state": "passed",
              "speed": "slow",
              "pass": true,
              "fail": false,
              "pending": false,
              "context": null,
              "code": "// Visit the page and open the hamburger menu\nhomePage_1.default.visit();\nhomePage_1.default.inputSearchTerm(data.searchTerm);\n// Open the Computers menu\nhomePage_1.default.clickSearchButton();\n// Click on the Computer Components option\nresultsPage_1.default.clickFirstResult();\nproductPage_1.default.addToCart();\nproductPage_1.default.openCart();\ncartPage_1.default.removeFromCart();\n//confirm that the Amazon cart has had the products removed\ncy.contains('Your Amazon Cart is empty.').should('be.visible');",
              "err": {},
              "uuid": "70c1a50d-d87f-4400-984b-3db3f236112d",
              "parentUUID": "6628f390-aed6-464a-9b48-7429c0f81cfd",
              "isHook": false,
              "skipped": false
            }
          ],
          "suites": [],
          "passes": [
            "70c1a50d-d87f-4400-984b-3db3f236112d"
          ],
          "failures": [],
          "pending": [],
          "skipped": [],
          "duration": 18362,
          "root": false,
          "rootEmpty": false,
          "_timeout": 2000
        }
      ],
      "passes": [],
      "failures": [],
      "pending": [],
      "skipped": [],
      "duration": 0,
      "root": true,
      "rootEmpty": true,
      "_timeout": 2000
    }
  ],
  "meta": {
    "mocha": {
      "version": "7.0.1"
    },
    "mochawesome": {
      "options": {
        "quiet": false,
        "reportFilename": "mochawesome",
        "saveHtml": false,
        "saveJson": true,
        "consoleReporter": "spec",
        "useInlineDiffs": false,
        "code": true
      },
      "version": "7.1.3"
    },
    "marge": {
      "options": {
        "reportDir": "cypress/reports/mochawesome",
        "overwrite": false,
        "html": false,
        "json": true
      },
      "version": "6.2.0"
    }
  }
}