{
  "stats": {
    "suites": 1,
    "tests": 1,
    "passes": 1,
    "pending": 0,
    "failures": 0,
    "start": "2023-12-05T17:26:40.193Z",
    "end": "2023-12-05T17:26:48.520Z",
    "duration": 8327,
    "testsRegistered": 1,
    "passPercent": 100,
    "pendingPercent": 0,
    "other": 0,
    "hasOther": false,
    "skipped": 0,
    "hasSkipped": false
  },
  "results": [
    {
      "uuid": "f23aeae3-f621-4530-9576-e5e3db8193d0",
      "title": "",
      "fullFile": "cypress/e2e/hamburgerMenu.cy.ts",
      "file": "cypress/e2e/hamburgerMenu.cy.ts",
      "beforeHooks": [],
      "afterHooks": [],
      "tests": [],
      "suites": [
        {
          "uuid": "8643ef57-1d78-449d-bcea-a0a990a651a0",
          "title": "Hamburger Menu Search",
          "fullFile": "",
          "file": "",
          "beforeHooks": [],
          "afterHooks": [],
          "tests": [
            {
              "title": "Opens hamburger menu, opens computers menu, clicks computer components option, and asserts the selection",
              "fullTitle": "Hamburger Menu Search Opens hamburger menu, opens computers menu, clicks computer components option, and asserts the selection",
              "timedOut": null,
              "duration": 6344,
              "state": "passed",
              "speed": "medium",
              "pass": true,
              "fail": false,
              "pending": false,
              "context": null,
              "code": "homePage_1.default.visit();\nhomePage_1.default.openHamburgerMenu();\nhomePage_1.default.openComputersMenu();\nhomePage_1.default.visitComputerComponents();\n//check we have arrived in the correct department\nreturn cy.get('select[aria-describedby=\"searchDropdownDescription\"]')\n    .should('contain', 'Computer Components');",
              "err": {},
              "uuid": "5cb74a7d-eb11-41a4-9dc5-ffb35b3502dd",
              "parentUUID": "8643ef57-1d78-449d-bcea-a0a990a651a0",
              "isHook": false,
              "skipped": false
            }
          ],
          "suites": [],
          "passes": [
            "5cb74a7d-eb11-41a4-9dc5-ffb35b3502dd"
          ],
          "failures": [],
          "pending": [],
          "skipped": [],
          "duration": 6344,
          "root": false,
          "rootEmpty": false,
          "_timeout": 2000
        }
      ],
      "passes": [],
      "failures": [],
      "pending": [],
      "skipped": [],
      "duration": 0,
      "root": true,
      "rootEmpty": true,
      "_timeout": 2000
    }
  ],
  "meta": {
    "mocha": {
      "version": "7.0.1"
    },
    "mochawesome": {
      "options": {
        "quiet": false,
        "reportFilename": "mochawesome",
        "saveHtml": false,
        "saveJson": true,
        "consoleReporter": "spec",
        "useInlineDiffs": false,
        "code": true
      },
      "version": "7.1.3"
    },
    "marge": {
      "options": {
        "reportDir": "cypress/reports/mochawesome",
        "overwrite": false,
        "html": false,
        "json": true
      },
      "version": "6.2.0"
    }
  }
}